react-dom.development.js:29895 Download the React DevTools for a better development experience: https://reactjs.org/link/react-devtools
App.tsx:61 Sample robot loaded successfully URDFRobot
JointController.tsx:17  Uncaught TypeError: robot.getJointValue is not a function
    at JointController.tsx:17:40
    at Array.forEach (<anonymous>)
    at JointController.tsx:16:19
    at mountState (react-dom.development.js:16167:20)
    at Object.useState (react-dom.development.js:16880:16)
    at useState (react.development.js:1622:21)
    at JointController (JointController.tsx:14:41)
    at renderWithHooks (react-dom.development.js:15486:18)
    at mountIndeterminateComponent (react-dom.development.js:20103:13)
    at beginWork (react-dom.development.js:21626:16)
JointController.tsx:17  Uncaught TypeError: robot.getJointValue is not a function
    at JointController.tsx:17:40
    at Array.forEach (<anonymous>)
    at JointController.tsx:16:19
    at mountState (react-dom.development.js:16167:20)
    at Object.useState (react-dom.development.js:16880:16)
    at useState (react.development.js:1622:21)
    at JointController (JointController.tsx:14:41)
    at renderWithHooks (react-dom.development.js:15486:18)
    at mountIndeterminateComponent (react-dom.development.js:20103:13)
    at beginWork (react-dom.development.js:21626:16)
react-dom.development.js:18704  The above error occurred in the <JointController> component:

    at JointController (http://localhost:5173/src/components/JointController.tsx:19:28)
    at div
    at div
    at App (http://localhost:5173/src/App.tsx?t=1766191012281:25:29)

Consider adding an error boundary to your tree to customize error handling behavior.
Visit https://reactjs.org/link/error-boundaries to learn more about error boundaries.
logCapturedError @ react-dom.development.js:18704
react-dom.development.js:26962  Uncaught TypeError: robot.getJointValue is not a function
    at JointController.tsx:17:40
    at Array.forEach (<anonymous>)
    at JointController.tsx:16:19
    at mountState (react-dom.development.js:16167:20)
    at Object.useState (react-dom.development.js:16880:16)
    at useState (react.development.js:1622:21)
    at JointController (JointController.tsx:14:41)
    at renderWithHooks (react-dom.development.js:15486:18)
    at mountIndeterminateComponent (react-dom.development.js:20103:13)
    at beginWork (react-dom.development.js:21626:16)
